#-----------------------------------------------------------
# Vivado v2019.2 (64-bit)
# SW Build 2708876 on Wed Nov  6 21:40:23 MST 2019
# IP Build 2700528 on Thu Nov  7 00:09:20 MST 2019
# Start of session at: Wed Apr  1 20:51:07 2020
# Process ID: 14140
# Current directory: D:/ESCOM/ARQUITECTURA/ArchivoRegistros
# Command line: vivado.exe -gui_launcher_event rodinguilauncherevent18360 D:\ESCOM\ARQUITECTURA\ArchivoRegistros\ArchivoRegistros.xpr
# Log file: D:/ESCOM/ARQUITECTURA/ArchivoRegistros/vivado.log
# Journal file: D:/ESCOM/ARQUITECTURA/ArchivoRegistros\vivado.jou
#-----------------------------------------------------------
start_gui
open_project D:/ESCOM/ARQUITECTURA/ArchivoRegistros/ArchivoRegistros.xpr
Scanning sources...
Finished scanning sources
INFO: [IP_Flow 19-234] Refreshing IP repositories
INFO: [IP_Flow 19-1704] No user IP repositories specified
INFO: [IP_Flow 19-2313] Loaded Vivado IP repository 'D:/Xilinx/Vivado/2019.2/data/ip'.
open_project: Time (s): cpu = 00:00:25 ; elapsed = 00:00:11 . Memory (MB): peak = 888.641 ; gain = 242.535
update_compile_order -fileset sources_1
exit
INFO: [Common 17-206] Exiting Vivado at Wed Apr  1 20:59:15 2020...
